2025-11-13 19:13:30,791 ERROR    main.py:run: 960 KeyboardInterrupt
Traceback (most recent call last):
  File "socket.py", line 849, in create_connection
ConnectionRefusedError: [WinError 10061] 대상 컴퓨터에서 연결을 거부했으므로 연결하지 못했습니다

During handling of the above exception, another exception occurred:

Traceback (most recent call last):
  File "W:\ComfyUI_windows_portable\ComfyU-auto-script-call\main.py", line 956, in run
    self._loop()
    ~~~~~~~~~~^^
  File "W:\ComfyUI_windows_portable\ComfyU-auto-script-call\main.py", line 1041, in _loop
    if self._queue():
       ~~~~~~~~~~~^^
  File "W:\ComfyUI_windows_portable\ComfyU-auto-script-call\main.py", line 1062, in _queue
    if queue_prompt(self.workflow_api, url=self.get_config('url')):
       ~~~~~~~~~~~~^^^^^^^^^^^^^^^^^^^^^^^^^^^^^^^^^^^^^^^^^^^^^^^
  File "W:\ComfyUI_windows_portable\ComfyU-auto-script-call\utils\comfy_api.py", line 43, in queue_prompt
    request.urlopen(req)
    ~~~~~~~~~~~~~~~^^^^^
  File "urllib\request.py", line 189, in urlopen
  File "urllib\request.py", line 489, in open
  File "urllib\request.py", line 506, in _open
  File "urllib\request.py", line 466, in _call_chain
  File "urllib\request.py", line 1348, in http_open
  File "urllib\request.py", line 1319, in do_open
  File "http\client.py", line 1338, in request
  File "http\client.py", line 1384, in _send_request
  File "http\client.py", line 1333, in endheaders
  File "http\client.py", line 1093, in _send_output
  File "http\client.py", line 1037, in send
  File "http\client.py", line 1003, in connect
  File "socket.py", line 856, in create_connection
KeyboardInterrupt
